<?xml version="1.0" encoding="UTF-8"?>
<testsuites name="FP_TestSuite" time="23.695" tests="2" failures="0" errors="0">
   <testsuite name="FP_TestSuite" tests="2" failures="0" errors="0" time="23.695" skipped="0" timestamp="31-07-2024T16:20:54" hostname="myrishjoybuno - mac-wks10190" id="Test Suites/FP_TestSuite">
      <properties>
         <property name="deviceName" value=""/>
         <property name="devicePlatform"/>
         <property name="logFolder" value="/Users/myrishjoybuno/git/FirstProject/Reports/20240731_162052/FP_TestSuite/20240731_162053"/>
         <property name="logFiles" value="/Users/myrishjoybuno/git/FirstProject/Reports/20240731_162052/FP_TestSuite/20240731_162053/execution0.log"/>
         <property name="attachments" value=""/>
         <property name="hostName" value="myrishjoybuno - mac-wks10190"/>
         <property name="os" value="Mac OS X 64bit"/>
         <property name="katalonVersion" value="9.6.0.217"/>
         <property name="browser" value="Chrome 127.0.0.0"/>
         <property name="hostAddress" value="192.168.50.111"/>
         <property name="sessionId" value="c4ed2707a68a5878a38544365dfda65d"/>
         <property name="seleniumVersion" value="3.141.59"/>
         <property name="proxyInformation" value="ProxyInformation { proxyOption=NO_PROXY, proxyServerType=HTTP, username=, password=********, proxyServerAddress=, proxyServerPort=0, executionList=&quot;&quot;, isApplyToDesiredCapabilities=true }"/>
         <property name="platform" value="Mac OS X"/>
      </properties>
      <testcase name="Test Cases/TC001_Successful Login" time="8.995" classname="Test Cases/TC001_Successful Login" status="PASSED">
         <system-out><![CDATA[31-07-2024T16:20:55 - [TEST_CASE][PASSED] - Test Cases/TC001_Successful Login: Test Cases/TC001_Successful Login

31-07-2024T16:20:55 - [TEST_STEP][PASSED] - openBrowser(""): Browser is opened with url: ''

31-07-2024T16:20:55 - [MESSAGE][INFO] - Starting 'Chrome' driver

31-07-2024T16:20:55 - [MESSAGE][INFO] - Action delay is set to 0 milliseconds

31-07-2024T16:20:56 - [MESSAGE][PASSED] - Browser is opened with url: ''

31-07-2024T16:20:56 - [TEST_STEP][PASSED] - navigateToUrl("https://katalon-demo-cura.herokuapp.com/"): Navigate to 'https://katalon-demo-cura.herokuapp.com/' successfully

31-07-2024T16:20:59 - [MESSAGE][PASSED] - Navigate to 'https://katalon-demo-cura.herokuapp.com/' successfully

31-07-2024T16:20:59 - [TEST_STEP][PASSED] - click(findTestObject("Object Repository/Page_CURA Healthcare Service/button_Make Appointment")): Object: 'Object Repository/Page_CURA Healthcare Service/button_Make Appointment' is clicked on

31-07-2024T16:21:00 - [MESSAGE][PASSED] - Object: 'Object Repository/Page_CURA Healthcare Service/button_Make Appointment' is clicked on

31-07-2024T16:21:00 - [TEST_STEP][PASSED] - click(findTestObject("Object Repository/Page_CURA Healthcare Service/form_Demo account                          _b80bac")): Object: 'Object Repository/Page_CURA Healthcare Service/form_Demo account                          _b80bac' is clicked on

31-07-2024T16:21:00 - [MESSAGE][PASSED] - Object: 'Object Repository/Page_CURA Healthcare Service/form_Demo account                          _b80bac' is clicked on

31-07-2024T16:21:00 - [TEST_STEP][PASSED] - setText(findTestObject("Object Repository/Page_CURA Healthcare Service/input_Username_username"), "John Doe"): Text 'John Doe' is set on object 'Object Repository/Page_CURA Healthcare Service/input_Username_username'

31-07-2024T16:21:01 - [MESSAGE][PASSED] - Text 'John Doe' is set on object 'Object Repository/Page_CURA Healthcare Service/input_Username_username'

31-07-2024T16:21:01 - [TEST_STEP][PASSED] - setEncryptedText(findTestObject("Object Repository/Page_CURA Healthcare Service/input_Password_password"), "g3/DOGG74jC3Flrr3yH+3D/yKbOqqUNM"): Text ****** has been set on object 'Object Repository/Page_CURA Healthcare Service/input_Password_password'

31-07-2024T16:21:01 - [MESSAGE][PASSED] - Text ****** has been set on object 'Object Repository/Page_CURA Healthcare Service/input_Password_password'

31-07-2024T16:21:01 - [TEST_STEP][PASSED] - click(findTestObject("Object Repository/Page_CURA Healthcare Service/button_Login")): Object: 'Object Repository/Page_CURA Healthcare Service/button_Login' is clicked on

31-07-2024T16:21:03 - [MESSAGE][PASSED] - Object: 'Object Repository/Page_CURA Healthcare Service/button_Login' is clicked on

31-07-2024T16:21:03 - [TEST_STEP][PASSED] - doubleClick(findTestObject("Object Repository/Page_CURA Healthcare Service/h2_Make Appointment")): Object: 'Object Repository/Page_CURA Healthcare Service/h2_Make Appointment' is double clicked on

31-07-2024T16:21:03 - [MESSAGE][PASSED] - Object: 'Object Repository/Page_CURA Healthcare Service/h2_Make Appointment' is double clicked on

31-07-2024T16:21:03 - [TEST_STEP][PASSED] - click(findTestObject("Object Repository/Page_CURA Healthcare Service/h2_Make Appointment")): Object: 'Object Repository/Page_CURA Healthcare Service/h2_Make Appointment' is clicked on

31-07-2024T16:21:03 - [MESSAGE][PASSED] - Object: 'Object Repository/Page_CURA Healthcare Service/h2_Make Appointment' is clicked on

31-07-2024T16:21:03 - [TEST_STEP][PASSED] - verifyElementPresent(findTestObject("Object Repository/Page_CURA Healthcare Service/h2_Make Appointment"), 0): Object 'Object Repository/Page_CURA Healthcare Service/h2_Make Appointment' is present

31-07-2024T16:21:03 - [MESSAGE][WARNING] - Timeout '0' is invalid. Using default page load timeout: '30'

31-07-2024T16:21:03 - [MESSAGE][PASSED] - Object 'Object Repository/Page_CURA Healthcare Service/h2_Make Appointment' is present

31-07-2024T16:21:03 - [TEST_STEP][PASSED] - closeBrowser(): Browser is closed

31-07-2024T16:21:04 - [MESSAGE][PASSED] - Browser is closed]]></system-out>
         <system-err><![CDATA[]]></system-err>
      </testcase>
      <testcase name="Test Cases/TC002_Book an Appointment" time="14.631" classname="Test Cases/TC002_Book an Appointment" status="PASSED">
         <system-out><![CDATA[31-07-2024T16:21:04 - [TEST_CASE][PASSED] - Test Cases/TC002_Book an Appointment: Test Cases/TC002_Book an Appointment

31-07-2024T16:21:04 - [TEST_STEP][PASSED] - openBrowser(""): Browser is opened with url: ''

31-07-2024T16:21:04 - [MESSAGE][INFO] - Starting 'Chrome' driver

31-07-2024T16:21:04 - [MESSAGE][INFO] - Action delay is set to 0 milliseconds

31-07-2024T16:21:04 - [MESSAGE][PASSED] - Browser is opened with url: ''

31-07-2024T16:21:04 - [TEST_STEP][PASSED] - navigateToUrl("https://katalon-demo-cura.herokuapp.com/"): Navigate to 'https://katalon-demo-cura.herokuapp.com/' successfully

31-07-2024T16:21:08 - [MESSAGE][PASSED] - Navigate to 'https://katalon-demo-cura.herokuapp.com/' successfully

31-07-2024T16:21:08 - [TEST_STEP][PASSED] - click(findTestObject("Object Repository/Page_CURA Healthcare Service/button_Make Appointment")): Object: 'Object Repository/Page_CURA Healthcare Service/button_Make Appointment' is clicked on

31-07-2024T16:21:09 - [MESSAGE][PASSED] - Object: 'Object Repository/Page_CURA Healthcare Service/button_Make Appointment' is clicked on

31-07-2024T16:21:09 - [TEST_STEP][PASSED] - setText(findTestObject("Object Repository/Page_CURA Healthcare Service/input_Username_username"), "John Doe"): Text 'John Doe' is set on object 'Object Repository/Page_CURA Healthcare Service/input_Username_username'

31-07-2024T16:21:09 - [MESSAGE][PASSED] - Text 'John Doe' is set on object 'Object Repository/Page_CURA Healthcare Service/input_Username_username'

31-07-2024T16:21:09 - [TEST_STEP][PASSED] - setEncryptedText(findTestObject("Object Repository/Page_CURA Healthcare Service/input_Password_password"), "g3/DOGG74jC3Flrr3yH+3D/yKbOqqUNM"): Text ****** has been set on object 'Object Repository/Page_CURA Healthcare Service/input_Password_password'

31-07-2024T16:21:10 - [MESSAGE][PASSED] - Text ****** has been set on object 'Object Repository/Page_CURA Healthcare Service/input_Password_password'

31-07-2024T16:21:10 - [TEST_STEP][PASSED] - click(findTestObject("Object Repository/Page_CURA Healthcare Service/button_Login")): Object: 'Object Repository/Page_CURA Healthcare Service/button_Login' is clicked on

31-07-2024T16:21:11 - [MESSAGE][PASSED] - Object: 'Object Repository/Page_CURA Healthcare Service/button_Login' is clicked on

31-07-2024T16:21:11 - [TEST_STEP][PASSED] - doubleClick(findTestObject("Object Repository/Page_CURA Healthcare Service/h2_Make Appointment")): Object: 'Object Repository/Page_CURA Healthcare Service/h2_Make Appointment' is double clicked on

31-07-2024T16:21:12 - [MESSAGE][PASSED] - Object: 'Object Repository/Page_CURA Healthcare Service/h2_Make Appointment' is double clicked on

31-07-2024T16:21:12 - [TEST_STEP][PASSED] - click(findTestObject("Object Repository/Page_CURA Healthcare Service/h2_Make Appointment")): Object: 'Object Repository/Page_CURA Healthcare Service/h2_Make Appointment' is clicked on

31-07-2024T16:21:12 - [MESSAGE][PASSED] - Object: 'Object Repository/Page_CURA Healthcare Service/h2_Make Appointment' is clicked on

31-07-2024T16:21:12 - [TEST_STEP][PASSED] - verifyElementPresent(findTestObject("Object Repository/Page_CURA Healthcare Service/h2_Make Appointment"), 0): Object 'Object Repository/Page_CURA Healthcare Service/h2_Make Appointment' is present

31-07-2024T16:21:12 - [MESSAGE][WARNING] - Timeout '0' is invalid. Using default page load timeout: '30'

31-07-2024T16:21:12 - [MESSAGE][PASSED] - Object 'Object Repository/Page_CURA Healthcare Service/h2_Make Appointment' is present

31-07-2024T16:21:12 - [TEST_STEP][PASSED] - selectOptionByValue(findTestObject("Object Repository/Page_CURA Healthcare Service/select_Tokyo CURA Healthcare Center        _5b4107"), "Hongkong CURA Healthcare Center", true): All options with value 'Hongkong CURA Healthcare Center' are selected in object 'Object Repository/Page_CURA Healthcare Service/select_Tokyo CURA Healthcare Center        _5b4107'  using regular expression

31-07-2024T16:21:13 - [MESSAGE][PASSED] - All options with value 'Hongkong CURA Healthcare Center' are selected in object 'Object Repository/Page_CURA Healthcare Service/select_Tokyo CURA Healthcare Center        _5b4107'  using regular expression

31-07-2024T16:21:13 - [TEST_STEP][PASSED] - click(findTestObject("Object Repository/Page_CURA Healthcare Service/label_Apply for hospital readmission")): Object: 'Object Repository/Page_CURA Healthcare Service/label_Apply for hospital readmission' is clicked on

31-07-2024T16:21:14 - [MESSAGE][PASSED] - Object: 'Object Repository/Page_CURA Healthcare Service/label_Apply for hospital readmission' is clicked on

31-07-2024T16:21:14 - [TEST_STEP][PASSED] - click(findTestObject("Object Repository/Page_CURA Healthcare Service/input_Medicaid_programs")): Object: 'Object Repository/Page_CURA Healthcare Service/input_Medicaid_programs' is clicked on

31-07-2024T16:21:14 - [MESSAGE][PASSED] - Object: 'Object Repository/Page_CURA Healthcare Service/input_Medicaid_programs' is clicked on

31-07-2024T16:21:14 - [TEST_STEP][PASSED] - click(findTestObject("Object Repository/Page_CURA Healthcare Service/span_Visit Date (Required)_glyphicon glyphi_cada34")): Object: 'Object Repository/Page_CURA Healthcare Service/span_Visit Date (Required)_glyphicon glyphi_cada34' is clicked on

31-07-2024T16:21:14 - [MESSAGE][PASSED] - Object: 'Object Repository/Page_CURA Healthcare Service/span_Visit Date (Required)_glyphicon glyphi_cada34' is clicked on

31-07-2024T16:21:14 - [TEST_STEP][PASSED] - click(findTestObject("Object Repository/Page_CURA Healthcare Service/th_")): Object: 'Object Repository/Page_CURA Healthcare Service/th_' is clicked on

31-07-2024T16:21:15 - [MESSAGE][PASSED] - Object: 'Object Repository/Page_CURA Healthcare Service/th_' is clicked on

31-07-2024T16:21:15 - [TEST_STEP][PASSED] - click(findTestObject("Object Repository/Page_CURA Healthcare Service/td_5")): Object: 'Object Repository/Page_CURA Healthcare Service/td_5' is clicked on

31-07-2024T16:21:15 - [MESSAGE][PASSED] - Object: 'Object Repository/Page_CURA Healthcare Service/td_5' is clicked on

31-07-2024T16:21:15 - [TEST_STEP][PASSED] - setText(findTestObject("Object Repository/Page_CURA Healthcare Service/textarea_Comment_comment"), "Successful Booking"): Text 'Successful Booking' is set on object 'Object Repository/Page_CURA Healthcare Service/textarea_Comment_comment'

31-07-2024T16:21:16 - [MESSAGE][PASSED] - Text 'Successful Booking' is set on object 'Object Repository/Page_CURA Healthcare Service/textarea_Comment_comment'

31-07-2024T16:21:16 - [TEST_STEP][PASSED] - click(findTestObject("Object Repository/Page_CURA Healthcare Service/button_Book Appointment")): Object: 'Object Repository/Page_CURA Healthcare Service/button_Book Appointment' is clicked on

31-07-2024T16:21:16 - [MESSAGE][PASSED] - Object: 'Object Repository/Page_CURA Healthcare Service/button_Book Appointment' is clicked on

31-07-2024T16:21:16 - [TEST_STEP][PASSED] - doubleClick(findTestObject("Object Repository/Page_CURA Healthcare Service/h2_Appointment Confirmation")): Object: 'Object Repository/Page_CURA Healthcare Service/h2_Appointment Confirmation' is double clicked on

31-07-2024T16:21:17 - [MESSAGE][PASSED] - Object: 'Object Repository/Page_CURA Healthcare Service/h2_Appointment Confirmation' is double clicked on

31-07-2024T16:21:17 - [TEST_STEP][PASSED] - click(findTestObject("Object Repository/Page_CURA Healthcare Service/h2_Appointment Confirmation")): Object: 'Object Repository/Page_CURA Healthcare Service/h2_Appointment Confirmation' is clicked on

31-07-2024T16:21:17 - [MESSAGE][PASSED] - Object: 'Object Repository/Page_CURA Healthcare Service/h2_Appointment Confirmation' is clicked on

31-07-2024T16:21:17 - [TEST_STEP][PASSED] - verifyElementPresent(findTestObject("Object Repository/Page_CURA Healthcare Service/h2_Appointment Confirmation"), 0): Object 'Object Repository/Page_CURA Healthcare Service/h2_Appointment Confirmation' is present

31-07-2024T16:21:17 - [MESSAGE][WARNING] - Timeout '0' is invalid. Using default page load timeout: '30'

31-07-2024T16:21:18 - [MESSAGE][PASSED] - Object 'Object Repository/Page_CURA Healthcare Service/h2_Appointment Confirmation' is present

31-07-2024T16:21:18 - [TEST_STEP][PASSED] - click(findTestObject("Object Repository/Page_CURA Healthcare Service/button_Go to Homepage")): Object: 'Object Repository/Page_CURA Healthcare Service/button_Go to Homepage' is clicked on

31-07-2024T16:21:18 - [MESSAGE][PASSED] - Object: 'Object Repository/Page_CURA Healthcare Service/button_Go to Homepage' is clicked on

31-07-2024T16:21:18 - [TEST_STEP][PASSED] - closeBrowser(): Browser is closed

31-07-2024T16:21:18 - [MESSAGE][PASSED] - Browser is closed]]></system-out>
         <system-err><![CDATA[]]></system-err>
      </testcase>
      <system-out><![CDATA[31-07-2024T16:20:54 - [TEST_SUITE][PASSED] - FP_TestSuite: Test Cases/TC002_Book an Appointment]]></system-out>
      <system-err><![CDATA[]]></system-err>
   </testsuite>
</testsuites>
